[I 12:48:28.388 NotebookApp] Writing notebook server cookie secret to /home/aaron/.local/share/jupyter/runtime/notebook_cookie_secret
[I 12:48:28.717 NotebookApp] Serving notebooks from local directory: /mnt/c/Users/Patron/Documents/GitHub/Evictions-Project
[I 12:48:28.718 NotebookApp] Jupyter Notebook 6.4.10 is running at:
[I 12:48:28.718 NotebookApp] http://LOAN-MEM-D030:2020/
[I 12:48:28.719 NotebookApp] Use Control-C to stop this server and shut down all kernels (twice to skip confirmation).
[I 12:48:58.570 NotebookApp] 302 GET / (127.0.0.1) 0.790000ms
[I 12:48:58.641 NotebookApp] 302 GET /tree? (127.0.0.1) 1.700000ms
[W 12:49:00.868 NotebookApp] 401 POST /login?next=%2Ftree%3F (127.0.0.1) 66.730000ms referer=http://127.0.0.1:2020/login?next=%2Ftree%3F
[W 12:49:02.891 NotebookApp] 401 POST /login?next=%2Ftree%3F (127.0.0.1) 145.790000ms referer=http://127.0.0.1:2020/login?next=%2Ftree%3F
[W 12:49:05.580 NotebookApp] 401 POST /login?next=%2Ftree%3F (127.0.0.1) 134.180000ms referer=http://127.0.0.1:2020/login?next=%2Ftree%3F
[W 12:49:20.649 NotebookApp] 401 POST /login?next=%2Ftree%3F (127.0.0.1) 91.320000ms referer=http://127.0.0.1:2020/login?next=%2Ftree%3F
[W 12:49:28.680 NotebookApp] 401 POST /login?next=%2Ftree%3F (127.0.0.1) 68.310000ms referer=http://127.0.0.1:2020/login?next=%2Ftree%3F
[I 12:49:36.594 NotebookApp] Interrupted...
[I 12:49:36.596 NotebookApp] Shutting down 0 kernels
[I 12:49:36.598 NotebookApp] Shutting down 0 terminals
[I 12:49:59.749 NotebookApp] Serving notebooks from local directory: /mnt/c/Users/Patron/Documents/GitHub/Evictions-Project
[I 12:49:59.750 NotebookApp] Jupyter Notebook 6.4.10 is running at:
[I 12:49:59.750 NotebookApp] http://LOAN-MEM-D030:2020/
[I 12:49:59.751 NotebookApp] Use Control-C to stop this server and shut down all kernels (twice to skip confirmation).
[I 12:50:06.191 NotebookApp] 302 GET / (127.0.0.1) 1.190000ms
[I 12:50:06.245 NotebookApp] 302 GET /tree? (127.0.0.1) 1.330000ms
[I 12:50:09.085 NotebookApp] 302 POST /login?next=%2Ftree%3F (127.0.0.1) 97.600000ms
[I 12:51:10.999 NotebookApp] Writing notebook-signing key to /home/aaron/.local/share/jupyter/notebook_secret
[W 12:51:11.004 NotebookApp] Notebook apartments/apartment visualization.ipynb is not trusted
[I 12:51:13.556 NotebookApp] Kernel started: ad95d475-dea4-4536-8a80-f0b2f775204c, name: python3
[IPKernelApp] ERROR | No such comm target registered: jupyter.widget.control
[IPKernelApp] WARNING | No such comm: 1760633c-f349-4f49-9d0f-db6ad206ab49
[I 12:53:14.467 NotebookApp] Saving file at /apartments/apartment visualization.ipynb
[W 12:53:14.472 NotebookApp] Notebook apartments/apartment visualization.ipynb is not trusted
[I 12:54:21.321 NotebookApp] Starting buffering for ad95d475-dea4-4536-8a80-f0b2f775204c:ece592c7db9948b882ead69f42181450
[I 12:54:22.103 NotebookApp] Kernel restarted: ad95d475-dea4-4536-8a80-f0b2f775204c
[I 12:54:22.170 NotebookApp] Restoring connection for ad95d475-dea4-4536-8a80-f0b2f775204c:ece592c7db9948b882ead69f42181450
[I 12:54:23.755 NotebookApp] Replaying 3 buffered messages
[I 12:55:14.775 NotebookApp] Saving file at /apartments/apartment visualization.ipynb
[I 12:56:42.608 NotebookApp] Saving file at /apartments/apartment visualization.ipynb
[W 13:02:14.143 NotebookApp] Notebook apartments/Untitled.ipynb is not trusted
[I 13:02:14.563 NotebookApp] Kernel started: d9652871-2482-496e-81e6-fce99060e478, name: python3
[IPKernelApp] ERROR | No such comm target registered: jupyter.widget.control
[IPKernelApp] WARNING | No such comm: f14acc85-6801-4a22-82b4-518fef4f6439
[I 13:03:15.363 NotebookApp] Saving file at /apartments/apartment visualization.ipynb
[I 13:03:45.047 NotebookApp] Saving file at /apartments/Untitled.ipynb
[W 13:03:45.048 NotebookApp] Notebook apartments/Untitled.ipynb is not trusted
[I 13:03:46.225 NotebookApp] Saving file at /apartments/Untitled.ipynb
[W 13:03:46.226 NotebookApp] Notebook apartments/Untitled.ipynb is not trusted
[I 13:03:47.337 NotebookApp] Starting buffering for d9652871-2482-496e-81e6-fce99060e478:47d52bb8e047498998f51de399470fc9
[I 13:05:15.443 NotebookApp] Saving file at /apartments/apartment visualization.ipynb
[I 13:05:42.248 NotebookApp] Kernel shutdown: d9652871-2482-496e-81e6-fce99060e478
[W 13:05:47.909 NotebookApp] delete /apartments/Untitled.ipynb
[E 13:05:47.962 NotebookApp] Uncaught exception DELETE /api/contents/apartments/Untitled.ipynb (127.0.0.1)
    HTTPServerRequest(protocol='http', host='127.0.0.1:2020', method='DELETE', uri='/api/contents/apartments/Untitled.ipynb', version='HTTP/1.1', remote_ip='127.0.0.1')
    Traceback (most recent call last):
      File "/home/aaron/.local/lib/python3.8/site-packages/send2trash/plat_gio.py", line 17, in send2trash
        f.trash(cancellable=None)
    gi.repository.GLib.GError: g-io-error-quark: Unable to find or create trash directory for /mnt/c/Users/Patron/Documents/GitHub/Evictions-Project/apartments/Untitled.ipynb (0)
    
    During handling of the above exception, another exception occurred:
    
    Traceback (most recent call last):
      File "/home/aaron/.local/lib/python3.8/site-packages/tornado/web.py", line 1704, in _execute
        result = await result
      File "/home/aaron/.local/lib/python3.8/site-packages/tornado/gen.py", line 234, in wrapper
        yielded = ctx_run(next, result)
      File "/home/aaron/.local/lib/python3.8/site-packages/notebook/services/contents/handlers.py", line 242, in delete
        yield maybe_future(cm.delete(path))
      File "/home/aaron/.local/lib/python3.8/site-packages/notebook/services/contents/manager.py", line 279, in delete
        self.delete_file(path)
      File "/home/aaron/.local/lib/python3.8/site-packages/notebook/services/contents/filemanager.py", line 533, in delete_file
        send2trash(os_path)
      File "/home/aaron/.local/lib/python3.8/site-packages/send2trash/plat_gio.py", line 23, in send2trash
        raise OSError(e.message)
    OSError: Unable to find or create trash directory for /mnt/c/Users/Patron/Documents/GitHub/Evictions-Project/apartments/Untitled.ipynb
[W 13:05:47.972 NotebookApp] Unhandled error
[E 13:05:47.975 NotebookApp] {
      "Host": "127.0.0.1:2020",
      "Accept": "application/json, text/javascript, */*; q=0.01",
      "Referer": "http://127.0.0.1:2020/tree/apartments",
      "User-Agent": "Mozilla/5.0 (Windows NT 10.0; Win64; x64; rv:98.0) Gecko/20100101 Firefox/98.0"
    }
[E 13:05:47.977 NotebookApp] 500 DELETE /api/contents/apartments/Untitled.ipynb (127.0.0.1) 68.870000ms referer=http://127.0.0.1:2020/tree/apartments
[I 14:17:02.192 NotebookApp] Saving file at /apartments/apartment visualization.ipynb
[I 14:19:02.202 NotebookApp] Saving file at /apartments/apartment visualization.ipynb
[I 14:23:02.096 NotebookApp] Saving file at /apartments/apartment visualization.ipynb
[I 14:25:02.049 NotebookApp] Saving file at /apartments/apartment visualization.ipynb
[I 14:27:02.650 NotebookApp] Saving file at /apartments/apartment visualization.ipynb
[I 14:28:35.831 NotebookApp] Saving file at /apartments/apartment visualization.ipynb
[I 14:29:02.878 NotebookApp] Saving file at /apartments/apartment visualization.ipynb
[I 14:29:53.231 NotebookApp] Saving file at /apartments/apartment visualization.ipynb
[I 14:31:02.616 NotebookApp] Saving file at /apartments/apartment visualization.ipynb
[I 14:33:02.782 NotebookApp] Saving file at /apartments/apartment visualization.ipynb
[I 14:35:02.923 NotebookApp] Saving file at /apartments/apartment visualization.ipynb
[I 14:35:28.853 NotebookApp] Starting buffering for ad95d475-dea4-4536-8a80-f0b2f775204c:ece592c7db9948b882ead69f42181450
[I 14:35:31.503 NotebookApp] Kernel restarted: ad95d475-dea4-4536-8a80-f0b2f775204c
[I 14:35:31.581 NotebookApp] Restoring connection for ad95d475-dea4-4536-8a80-f0b2f775204c:ece592c7db9948b882ead69f42181450
[I 14:35:32.779 NotebookApp] Replaying 3 buffered messages
[I 14:37:02.842 NotebookApp] Saving file at /apartments/apartment visualization.ipynb
[I 14:39:02.870 NotebookApp] Saving file at /apartments/apartment visualization.ipynb
[I 14:39:25.939 NotebookApp] Starting buffering for ad95d475-dea4-4536-8a80-f0b2f775204c:ece592c7db9948b882ead69f42181450
[I 14:39:28.701 NotebookApp] Kernel restarted: ad95d475-dea4-4536-8a80-f0b2f775204c
[I 14:39:28.749 NotebookApp] Restoring connection for ad95d475-dea4-4536-8a80-f0b2f775204c:ece592c7db9948b882ead69f42181450
[I 14:39:30.210 NotebookApp] Replaying 3 buffered messages
[I 14:41:02.804 NotebookApp] Saving file at /apartments/apartment visualization.ipynb
[I 14:43:02.805 NotebookApp] Saving file at /apartments/apartment visualization.ipynb
[I 14:45:04.212 NotebookApp] Saving file at /apartments/apartment visualization.ipynb
[I 14:47:03.384 NotebookApp] Saving file at /apartments/apartment visualization.ipynb
[I 14:51:04.321 NotebookApp] Saving file at /apartments/apartment visualization.ipynb
[I 14:54:00.775 NotebookApp] Saving file at /apartments/apartment visualization.ipynb
[I 14:54:02.378 NotebookApp] Starting buffering for ad95d475-dea4-4536-8a80-f0b2f775204c:ece592c7db9948b882ead69f42181450
[I 14:54:03.772 NotebookApp] Shutting down on /api/shutdown request.
[I 14:54:03.775 NotebookApp] Shutting down 1 kernel
[I 14:54:03.781 NotebookApp] Kernel shutdown: ad95d475-dea4-4536-8a80-f0b2f775204c
[I 14:54:06.401 NotebookApp] Shutting down 0 terminals
[I 14:56:58.246 NotebookApp] Serving notebooks from local directory: /mnt/c/Users/Patron/Documents/GitHub/Evictions-Project
[I 14:56:58.247 NotebookApp] Jupyter Notebook 6.4.10 is running at:
[I 14:56:58.248 NotebookApp] http://LOAN-MEM-D030:2020/
[I 14:56:58.248 NotebookApp] Use Control-C to stop this server and shut down all kernels (twice to skip confirmation).
[I 14:57:08.522 NotebookApp] 302 GET / (127.0.0.1) 0.770000ms
[I 14:57:16.035 NotebookApp] Shutting down on /api/shutdown request.
[I 14:57:16.037 NotebookApp] Shutting down 0 kernels
[I 14:57:16.039 NotebookApp] Shutting down 0 terminals
[I 15:00:50.352 NotebookApp] Serving notebooks from local directory: /mnt/c/Users/Patron/Documents/GitHub/Evictions-Project
[I 15:00:50.353 NotebookApp] Jupyter Notebook 6.4.10 is running at:
[I 15:00:50.354 NotebookApp] http://LOAN-MEM-D030:2020/
[I 15:00:50.355 NotebookApp] Use Control-C to stop this server and shut down all kernels (twice to skip confirmation).
[I 15:00:55.292 NotebookApp] 302 GET / (127.0.0.1) 1.430000ms
[W 15:01:06.847 NotebookApp] Notebook apartments/apartment visualization.ipynb is not trusted
[I 15:01:09.677 NotebookApp] Kernel started: 671c0d97-1e0d-478a-a0dc-8c16162257bd, name: python3
[IPKernelApp] ERROR | No such comm target registered: jupyter.widget.control
[IPKernelApp] WARNING | No such comm: a93bc364-b53a-4a6c-876b-699a0d49a236
[I 19:48:59.436 NotebookApp] Starting buffering for 671c0d97-1e0d-478a-a0dc-8c16162257bd:338e1c2f5171495dbd62e47d424a40fc
[I 19:49:01.380 NotebookApp] Shutting down on /api/shutdown request.
[I 19:49:01.384 NotebookApp] Shutting down 1 kernel
[I 19:49:01.388 NotebookApp] Kernel shutdown: 671c0d97-1e0d-478a-a0dc-8c16162257bd
[I 19:49:01.917 NotebookApp] Shutting down 0 terminals
[I 17:07:12.796 NotebookApp] Serving notebooks from local directory: /mnt/c/Users/Patron/Documents/GitHub/Evictions-Project
[I 17:07:12.798 NotebookApp] Jupyter Notebook 6.4.10 is running at:
[I 17:07:12.799 NotebookApp] http://LOAN-MEM-D030:2020/
[I 17:07:12.800 NotebookApp] Use Control-C to stop this server and shut down all kernels (twice to skip confirmation).
[W 17:08:12.580 NotebookApp] Notebook apartments/apartment visualization.ipynb is not trusted
[I 17:08:16.008 NotebookApp] Kernel started: 5ca3f9bf-5a73-4276-9033-d8904546cd9d, name: python3
[I 17:08:17.682 NotebookApp] Starting buffering for 5ca3f9bf-5a73-4276-9033-d8904546cd9d:a954adeaccd24086b86e16d6bf42a28e
[W 17:10:36.519 NotebookApp] Notebook apartments/apartment visualization.ipynb is not trusted
[IPKernelApp] ERROR | No such comm target registered: jupyter.widget.control
[IPKernelApp] WARNING | No such comm: 34db2ea7-0f6d-46c0-b8e5-4f1d4c1568ca
[W 23:54:10.407 NotebookApp] Notebook apartments/cleaningData.ipynb is not trusted
[I 23:54:11.733 NotebookApp] Kernel started: 10643d65-fa9e-49f8-a2e6-24466abcea25, name: python3
[IPKernelApp] ERROR | No such comm target registered: jupyter.widget.control
[IPKernelApp] WARNING | No such comm: 8e131021-efcf-45a7-88d3-317f123a5a3e
[I 23:56:12.690 NotebookApp] Saving file at /apartments/cleaningData.ipynb
[W 23:56:12.694 NotebookApp] Notebook apartments/cleaningData.ipynb is not trusted
[I 01:25:31.368 NotebookApp] Starting buffering for 5ca3f9bf-5a73-4276-9033-d8904546cd9d:1d412e8865de41bf8e6175db12f1a302
[I 01:25:32.230 NotebookApp] Saving file at /apartments/apartment visualization.ipynb
[W 01:25:32.237 NotebookApp] Notebook apartments/apartment visualization.ipynb is not trusted
[I 01:25:33.183 NotebookApp] Kernel restarted: 5ca3f9bf-5a73-4276-9033-d8904546cd9d
[I 01:25:33.341 NotebookApp] Restoring connection for 5ca3f9bf-5a73-4276-9033-d8904546cd9d:1d412e8865de41bf8e6175db12f1a302
[I 01:25:35.634 NotebookApp] Replaying 3 buffered messages
[I 01:27:33.003 NotebookApp] Saving file at /apartments/apartment visualization.ipynb
[I 01:29:32.746 NotebookApp] Saving file at /apartments/apartment visualization.ipynb
[I 01:40:22.091 NotebookApp] Starting buffering for 10643d65-fa9e-49f8-a2e6-24466abcea25:c99b319d9bff413984f775153078d576
[I 10:16:49.657 NotebookApp] Saving file at /apartments/apartment visualization.ipynb
[I 10:21:45.783 NotebookApp] Saving file at /apartments/apartment visualization.ipynb
[I 10:24:49.499 NotebookApp] Saving file at /apartments/apartment visualization.ipynb
[I 10:26:17.609 NotebookApp] Saving file at /apartments/apartment visualization.ipynb
[I 10:26:49.483 NotebookApp] Saving file at /apartments/apartment visualization.ipynb
[I 10:28:49.490 NotebookApp] Saving file at /apartments/apartment visualization.ipynb
[I 10:58:08.919 NotebookApp] Saving file at /apartments/apartment visualization.ipynb
[I 10:58:10.733 NotebookApp] Starting buffering for 5ca3f9bf-5a73-4276-9033-d8904546cd9d:1d412e8865de41bf8e6175db12f1a302
[I 10:58:12.730 NotebookApp] Shutting down on /api/shutdown request.
[I 10:58:12.763 NotebookApp] Shutting down 2 kernels
[I 10:58:12.798 NotebookApp] Kernel shutdown: 5ca3f9bf-5a73-4276-9033-d8904546cd9d
[I 10:58:12.803 NotebookApp] Kernel shutdown: 10643d65-fa9e-49f8-a2e6-24466abcea25
[I 10:58:18.219 NotebookApp] Shutting down 0 terminals
[I 14:52:09.435 NotebookApp] Serving notebooks from local directory: /mnt/c/Users/Patron/Documents/GitHub/Evictions-Project
[I 14:52:09.437 NotebookApp] Jupyter Notebook 6.4.10 is running at:
[I 14:52:09.438 NotebookApp] http://LOAN-MEM-D030:2020/
[I 14:52:09.439 NotebookApp] Use Control-C to stop this server and shut down all kernels (twice to skip confirmation).
[I 14:52:11.076 NotebookApp] 302 GET / (127.0.0.1) 2.710000ms
[I 14:52:59.497 NotebookApp] Kernel started: 5b747ae8-4e5c-49fa-aa4b-b7c4c761debc, name: python3
[IPKernelApp] ERROR | No such comm target registered: jupyter.widget.control
[IPKernelApp] WARNING | No such comm: fe9b46de-da93-43e6-8f92-5507a1c86258
[I 15:46:27.593 NotebookApp] Saving file at /apartments/apartment visualization.ipynb
[I 15:48:27.567 NotebookApp] Saving file at /apartments/apartment visualization.ipynb
[I 15:49:20.967 NotebookApp] Starting buffering for 5b747ae8-4e5c-49fa-aa4b-b7c4c761debc:f1446281fcbb45ca85e9bc0788b2d1bf
[I 15:49:22.085 NotebookApp] Kernel restarted: 5b747ae8-4e5c-49fa-aa4b-b7c4c761debc
[I 15:49:22.156 NotebookApp] Restoring connection for 5b747ae8-4e5c-49fa-aa4b-b7c4c761debc:f1446281fcbb45ca85e9bc0788b2d1bf
[I 15:49:23.887 NotebookApp] Replaying 3 buffered messages
[I 15:50:28.200 NotebookApp] Saving file at /apartments/apartment visualization.ipynb
[I 15:52:28.411 NotebookApp] Saving file at /apartments/apartment visualization.ipynb
[I 15:54:28.334 NotebookApp] Saving file at /apartments/apartment visualization.ipynb
[I 15:56:28.244 NotebookApp] Saving file at /apartments/apartment visualization.ipynb
[I 16:02:28.576 NotebookApp] Saving file at /apartments/apartment visualization.ipynb
[I 16:04:28.334 NotebookApp] Saving file at /apartments/apartment visualization.ipynb
[I 16:06:28.388 NotebookApp] Saving file at /apartments/apartment visualization.ipynb
[I 16:08:28.400 NotebookApp] Saving file at /apartments/apartment visualization.ipynb
[I 16:10:28.397 NotebookApp] Saving file at /apartments/apartment visualization.ipynb
[I 16:12:28.554 NotebookApp] Saving file at /apartments/apartment visualization.ipynb
[I 16:14:28.404 NotebookApp] Saving file at /apartments/apartment visualization.ipynb
[I 16:16:28.440 NotebookApp] Saving file at /apartments/apartment visualization.ipynb
[I 16:18:28.962 NotebookApp] Saving file at /apartments/apartment visualization.ipynb
[I 16:44:43.832 NotebookApp] Saving file at /apartments/apartment visualization.ipynb
[I 16:49:36.756 NotebookApp] Saving file at /apartments/apartment visualization.ipynb
[I 16:50:30.734 NotebookApp] Saving file at /apartments/apartment visualization.ipynb
[I 16:50:41.805 NotebookApp] Saving file at /apartments/apartment visualization.ipynb
[I 16:59:31.217 NotebookApp] Starting buffering for 5b747ae8-4e5c-49fa-aa4b-b7c4c761debc:f1446281fcbb45ca85e9bc0788b2d1bf
[I 16:59:33.875 NotebookApp] Kernel restarted: 5b747ae8-4e5c-49fa-aa4b-b7c4c761debc
[I 16:59:33.910 NotebookApp] Restoring connection for 5b747ae8-4e5c-49fa-aa4b-b7c4c761debc:f1446281fcbb45ca85e9bc0788b2d1bf
[I 16:59:34.631 NotebookApp] Replaying 3 buffered messages
[I 17:00:35.723 NotebookApp] Saving file at /apartments/apartment visualization.ipynb
[I 17:05:58.370 NotebookApp] Saving file at /apartments/apartment visualization.ipynb
[I 17:18:27.258 NotebookApp] Saving file at /apartments/apartment visualization.ipynb
[I 17:20:27.232 NotebookApp] Saving file at /apartments/apartment visualization.ipynb
[I 17:22:25.700 NotebookApp] Saving file at /apartments/apartment visualization.ipynb
[I 17:24:27.241 NotebookApp] Saving file at /apartments/apartment visualization.ipynb
[I 17:26:27.336 NotebookApp] Saving file at /apartments/apartment visualization.ipynb
[I 17:28:27.266 NotebookApp] Saving file at /apartments/apartment visualization.ipynb
[I 17:28:40.718 NotebookApp] Saving file at /apartments/apartment visualization.ipynb
[I 17:29:12.674 NotebookApp] Saving file at /apartments/apartment visualization.ipynb
[I 17:30:27.284 NotebookApp] Saving file at /apartments/apartment visualization.ipynb
[I 17:30:34.438 NotebookApp] Saving file at /apartments/apartment visualization.ipynb
[I 17:31:00.883 NotebookApp] Saving file at /apartments/apartment visualization.ipynb
[I 17:32:28.312 NotebookApp] Saving file at /apartments/apartment visualization.ipynb
[I 17:34:28.172 NotebookApp] Saving file at /apartments/apartment visualization.ipynb
[I 17:42:12.853 NotebookApp] Saving file at /apartments/apartment visualization.ipynb
[I 17:42:23.760 NotebookApp] Saving file at /apartments/apartment visualization.ipynb
[I 17:44:28.192 NotebookApp] Saving file at /apartments/apartment visualization.ipynb
[I 17:57:59.373 NotebookApp] Saving file at /apartments/apartment visualization.ipynb
[I 18:25:24.566 NotebookApp] Saving file at /apartments/apartment visualization.ipynb
[I 18:26:11.370 NotebookApp] Saving file at /apartments/apartment visualization.ipynb
[I 18:27:25.551 NotebookApp] Saving file at /apartments/apartment visualization.ipynb
[I 18:31:26.220 NotebookApp] Saving file at /apartments/apartment visualization.ipynb
[I 18:33:26.968 NotebookApp] Saving file at /apartments/apartment visualization.ipynb
[W 18:41:00.240 NotebookApp] Notebook Forcasting.ipynb is not trusted
[I 18:41:03.420 NotebookApp] Kernel started: 82f5c71f-edf7-4fd1-a7ce-5a69b1cd1c3c, name: python3
[IPKernelApp] ERROR | No such comm target registered: jupyter.widget.control
[IPKernelApp] WARNING | No such comm: fb07e16f-9f85-4a87-a9d0-442a76b7e73f
[I 18:43:03.336 NotebookApp] Saving file at /Forcasting.ipynb
[W 18:43:03.337 NotebookApp] Notebook Forcasting.ipynb is not trusted
[I 18:44:01.545 NotebookApp] Starting buffering for 82f5c71f-edf7-4fd1-a7ce-5a69b1cd1c3c:566191fe7db94cc3863aa7dd3c312802
[I 18:44:01.797 NotebookApp] Kernel restarted: 82f5c71f-edf7-4fd1-a7ce-5a69b1cd1c3c
[I 18:44:01.892 NotebookApp] Restoring connection for 82f5c71f-edf7-4fd1-a7ce-5a69b1cd1c3c:566191fe7db94cc3863aa7dd3c312802
[I 18:44:02.473 NotebookApp] Replaying 3 buffered messages
[I 18:45:03.344 NotebookApp] Saving file at /Forcasting.ipynb
[I 18:46:48.204 NotebookApp] Starting buffering for 82f5c71f-edf7-4fd1-a7ce-5a69b1cd1c3c:566191fe7db94cc3863aa7dd3c312802
[I 18:46:49.151 NotebookApp] Kernel restarted: 82f5c71f-edf7-4fd1-a7ce-5a69b1cd1c3c
[I 18:46:49.176 NotebookApp] Restoring connection for 82f5c71f-edf7-4fd1-a7ce-5a69b1cd1c3c:566191fe7db94cc3863aa7dd3c312802
[I 18:46:50.190 NotebookApp] Replaying 3 buffered messages
[I 18:47:03.387 NotebookApp] Saving file at /Forcasting.ipynb
[I 18:49:03.352 NotebookApp] Saving file at /Forcasting.ipynb
[I 18:49:07.618 NotebookApp] Starting buffering for 82f5c71f-edf7-4fd1-a7ce-5a69b1cd1c3c:566191fe7db94cc3863aa7dd3c312802
[I 18:49:08.269 NotebookApp] Kernel restarted: 82f5c71f-edf7-4fd1-a7ce-5a69b1cd1c3c
[I 18:49:08.302 NotebookApp] Restoring connection for 82f5c71f-edf7-4fd1-a7ce-5a69b1cd1c3c:566191fe7db94cc3863aa7dd3c312802
[I 18:49:08.912 NotebookApp] Replaying 3 buffered messages
[I 18:51:03.355 NotebookApp] Saving file at /Forcasting.ipynb
[I 18:53:03.374 NotebookApp] Saving file at /Forcasting.ipynb
[I 18:55:03.418 NotebookApp] Saving file at /Forcasting.ipynb
[I 18:56:36.445 NotebookApp] Starting buffering for 82f5c71f-edf7-4fd1-a7ce-5a69b1cd1c3c:566191fe7db94cc3863aa7dd3c312802
[W 18:56:37.709 NotebookApp] Notebook Forcasting.ipynb is not trusted
[IPKernelApp] ERROR | No such comm target registered: jupyter.widget.control
[IPKernelApp] WARNING | No such comm: 075a759b-a798-49fe-8b45-b82a4d298549
[I 18:57:40.212 NotebookApp] Saving file at /apartments/apartment visualization.ipynb
[I 18:58:36.550 NotebookApp] Saving file at /apartments/apartment visualization.ipynb
[I 18:58:39.283 NotebookApp] Saving file at /Forcasting.ipynb
[W 18:58:39.284 NotebookApp] Notebook Forcasting.ipynb is not trusted
[I 18:58:48.802 NotebookApp] Saving file at /apartments/apartment visualization.ipynb
[I 18:59:48.681 NotebookApp] Starting buffering for 82f5c71f-edf7-4fd1-a7ce-5a69b1cd1c3c:7594336d0d7946a68d10ff9e9b659580
[I 20:44:12.645 NotebookApp] Saving file at /apartments/apartment visualization.ipynb
[I 20:45:46.145 NotebookApp] Kernel shutdown: 82f5c71f-edf7-4fd1-a7ce-5a69b1cd1c3c
[W 20:46:03.870 NotebookApp] Notebook apartments/cleaningData.ipynb is not trusted
[I 20:46:04.625 NotebookApp] Kernel started: fa9459c1-543f-4ea6-8d3e-e90c52716ed3, name: python3
[IPKernelApp] ERROR | No such comm target registered: jupyter.widget.control
[IPKernelApp] WARNING | No such comm: 113bfb31-bb1e-41d2-8f12-8125feb05850
[I 20:48:11.843 NotebookApp] Saving file at /apartments/apartment visualization.ipynb
[I 20:50:11.876 NotebookApp] Saving file at /apartments/apartment visualization.ipynb
[I 20:52:11.900 NotebookApp] Saving file at /apartments/apartment visualization.ipynb
[I 20:54:11.921 NotebookApp] Saving file at /apartments/apartment visualization.ipynb
[I 20:54:57.649 NotebookApp] Saving file at /apartments/apartment visualization.ipynb
[I 20:56:11.934 NotebookApp] Saving file at /apartments/apartment visualization.ipynb
[I 21:00:11.905 NotebookApp] Saving file at /apartments/apartment visualization.ipynb
[I 21:01:43.305 NotebookApp] Saving file at /apartments/apartment visualization.ipynb
[I 21:10:07.722 NotebookApp] Starting buffering for fa9459c1-543f-4ea6-8d3e-e90c52716ed3:c8296c7fb3e54ee091a6eb82edc4e627
[I 22:20:29.164 NotebookApp] Saving file at /apartments/apartment visualization.ipynb
[I 22:24:29.144 NotebookApp] Saving file at /apartments/apartment visualization.ipynb
[I 22:26:29.047 NotebookApp] Saving file at /apartments/apartment visualization.ipynb
[I 22:27:55.487 NotebookApp] Saving file at /apartments/apartment visualization.ipynb
[I 22:28:29.053 NotebookApp] Saving file at /apartments/apartment visualization.ipynb
[I 22:30:25.077 NotebookApp] Saving file at /apartments/apartment visualization.ipynb
[I 22:32:29.074 NotebookApp] Saving file at /apartments/apartment visualization.ipynb
[I 22:33:18.114 NotebookApp] Saving file at /apartments/apartment visualization.ipynb
[W 22:35:18.741 NotebookApp] Notebook Forcasting.ipynb is not trusted
[I 22:35:23.148 NotebookApp] Kernel started: 00e29cf8-da9d-4124-a90d-d9b80c0f0bd9, name: python3
[IPKernelApp] ERROR | No such comm target registered: jupyter.widget.control
[IPKernelApp] WARNING | No such comm: 5a260e1d-8108-445d-aa09-84e281b4f9b1
[I 22:35:35.813 NotebookApp] Starting buffering for 00e29cf8-da9d-4124-a90d-d9b80c0f0bd9:fca425af9e4f479d805f2e3f88723908
[I 22:35:37.848 NotebookApp] Starting buffering for 5b747ae8-4e5c-49fa-aa4b-b7c4c761debc:f1446281fcbb45ca85e9bc0788b2d1bf
[I 22:35:57.493 NotebookApp] Interrupted...
[I 22:35:57.509 NotebookApp] Shutting down 3 kernels
[I 22:35:57.539 NotebookApp] Kernel shutdown: 5b747ae8-4e5c-49fa-aa4b-b7c4c761debc
[I 22:35:57.545 NotebookApp] Kernel shutdown: fa9459c1-543f-4ea6-8d3e-e90c52716ed3
[I 22:35:57.549 NotebookApp] Kernel shutdown: 00e29cf8-da9d-4124-a90d-d9b80c0f0bd9
Traceback (most recent call last):
  File "/usr/lib/python3.8/runpy.py", line 194, in _run_module_as_main
    return _run_code(code, main_globals, None,
  File "/usr/lib/python3.8/runpy.py", line 87, in _run_code
    exec(code, run_globals)
  File "/home/aaron/.local/lib/python3.8/site-packages/notebook/__main__.py", line 4, in <module>
    app.launch_new_instance()
  File "/home/aaron/.local/lib/python3.8/site-packages/jupyter_core/application.py", line 264, in launch_instance
    return super(JupyterApp, cls).launch_instance(argv=argv, **kwargs)
  File "/home/aaron/.local/lib/python3.8/site-packages/traitlets/config/application.py", line 846, in launch_instance
    app.start()
  File "/home/aaron/.local/lib/python3.8/site-packages/notebook/notebookapp.py", line 2388, in start
    self.cleanup_kernels()
  File "/home/aaron/.local/lib/python3.8/site-packages/notebook/notebookapp.py", line 2167, in cleanup_kernels
    run_sync(self.kernel_manager.shutdown_all())
  File "/home/aaron/.local/lib/python3.8/site-packages/jupyter_client/utils.py", line 26, in wrapped
    raise e
  File "/home/aaron/.local/lib/python3.8/site-packages/jupyter_client/utils.py", line 23, in wrapped
    return loop.run_until_complete(future)
  File "/home/aaron/.local/lib/python3.8/site-packages/nest_asyncio.py", line 75, in run_until_complete
    self._run_once()
  File "/home/aaron/.local/lib/python3.8/site-packages/nest_asyncio.py", line 111, in _run_once
    handle._run()
  File "/usr/lib/python3.8/asyncio/events.py", line 81, in _run
    self._context.run(self._callback, *self._args)
  File "/home/aaron/.local/lib/python3.8/site-packages/nest_asyncio.py", line 183, in step
    step_orig(task, exc)
  File "/usr/lib/python3.8/asyncio/tasks.py", line 280, in __step
    result = coro.send(None)
  File "/home/aaron/.local/lib/python3.8/site-packages/jupyter_client/utils.py", line 34, in ensure_async
    return await obj
  File "/home/aaron/.local/lib/python3.8/site-packages/jupyter_client/multikernelmanager.py", line 239, in _shutdown_kernel_when_ready
    await ensure_async(self.shutdown_kernel(kernel_id, now=now, restart=restart))
  File "/home/aaron/.local/lib/python3.8/site-packages/notebook/services/kernels/kernelmanager.py", line 304, in shutdown_kernel
    self.pinned_superclass.shutdown_kernel(self, kernel_id, now=now, restart=restart)
  File "/home/aaron/.local/lib/python3.8/site-packages/jupyter_client/utils.py", line 26, in wrapped
    raise e
  File "/home/aaron/.local/lib/python3.8/site-packages/jupyter_client/utils.py", line 23, in wrapped
    return loop.run_until_complete(future)
  File "/home/aaron/.local/lib/python3.8/site-packages/nest_asyncio.py", line 75, in run_until_complete
    self._run_once()
  File "/home/aaron/.local/lib/python3.8/site-packages/nest_asyncio.py", line 111, in _run_once
    handle._run()
  File "/usr/lib/python3.8/asyncio/events.py", line 81, in _run
    self._context.run(self._callback, *self._args)
  File "/home/aaron/.local/lib/python3.8/site-packages/nest_asyncio.py", line 183, in step
    step_orig(task, exc)
  File "/usr/lib/python3.8/asyncio/tasks.py", line 280, in __step
    result = coro.send(None)
  File "/home/aaron/.local/lib/python3.8/site-packages/jupyter_client/utils.py", line 34, in ensure_async
    return await obj
  File "/home/aaron/.local/lib/python3.8/site-packages/jupyter_client/multikernelmanager.py", line 239, in _shutdown_kernel_when_ready
    await ensure_async(self.shutdown_kernel(kernel_id, now=now, restart=restart))
  File "/home/aaron/.local/lib/python3.8/site-packages/notebook/services/kernels/kernelmanager.py", line 304, in shutdown_kernel
    self.pinned_superclass.shutdown_kernel(self, kernel_id, now=now, restart=restart)
  File "/home/aaron/.local/lib/python3.8/site-packages/jupyter_client/utils.py", line 26, in wrapped
    raise e
  File "/home/aaron/.local/lib/python3.8/site-packages/jupyter_client/utils.py", line 23, in wrapped
    return loop.run_until_complete(future)
  File "/home/aaron/.local/lib/python3.8/site-packages/nest_asyncio.py", line 75, in run_until_complete
    self._run_once()
  File "/home/aaron/.local/lib/python3.8/site-packages/nest_asyncio.py", line 111, in _run_once
    handle._run()
  File "/usr/lib/python3.8/asyncio/events.py", line 81, in _run
    self._context.run(self._callback, *self._args)
  File "/home/aaron/.local/lib/python3.8/site-packages/nest_asyncio.py", line 183, in step
    step_orig(task, exc)
  File "/usr/lib/python3.8/asyncio/tasks.py", line 280, in __step
    result = coro.send(None)
  File "/home/aaron/.local/lib/python3.8/site-packages/jupyter_client/utils.py", line 34, in ensure_async
    return await obj
  File "/home/aaron/.local/lib/python3.8/site-packages/jupyter_client/multikernelmanager.py", line 239, in _shutdown_kernel_when_ready
    await ensure_async(self.shutdown_kernel(kernel_id, now=now, restart=restart))
  File "/home/aaron/.local/lib/python3.8/site-packages/notebook/services/kernels/kernelmanager.py", line 304, in shutdown_kernel
    self.pinned_superclass.shutdown_kernel(self, kernel_id, now=now, restart=restart)
  File "/home/aaron/.local/lib/python3.8/site-packages/jupyter_client/utils.py", line 26, in wrapped
    raise e
  File "/home/aaron/.local/lib/python3.8/site-packages/jupyter_client/utils.py", line 23, in wrapped
    return loop.run_until_complete(future)
  File "/home/aaron/.local/lib/python3.8/site-packages/nest_asyncio.py", line 75, in run_until_complete
    self._run_once()
  File "/home/aaron/.local/lib/python3.8/site-packages/nest_asyncio.py", line 111, in _run_once
    handle._run()
  File "/usr/lib/python3.8/asyncio/events.py", line 81, in _run
    self._context.run(self._callback, *self._args)
  File "/home/aaron/.local/lib/python3.8/site-packages/nest_asyncio.py", line 183, in step
    step_orig(task, exc)
  File "/usr/lib/python3.8/asyncio/tasks.py", line 280, in __step
    result = coro.send(None)
  File "/home/aaron/.local/lib/python3.8/site-packages/jupyter_client/multikernelmanager.py", line 277, in _async_shutdown_kernel
    stopper = ensure_async(km.shutdown_kernel(now, restart))
  File "/home/aaron/.local/lib/python3.8/site-packages/jupyter_client/utils.py", line 26, in wrapped
    raise e
  File "/home/aaron/.local/lib/python3.8/site-packages/jupyter_client/utils.py", line 23, in wrapped
    return loop.run_until_complete(future)
  File "/home/aaron/.local/lib/python3.8/site-packages/nest_asyncio.py", line 75, in run_until_complete
    self._run_once()
  File "/home/aaron/.local/lib/python3.8/site-packages/nest_asyncio.py", line 111, in _run_once
    handle._run()
  File "/usr/lib/python3.8/asyncio/events.py", line 81, in _run
    self._context.run(self._callback, *self._args)
  File "/home/aaron/.local/lib/python3.8/site-packages/nest_asyncio.py", line 183, in step
    step_orig(task, exc)
  File "/usr/lib/python3.8/asyncio/tasks.py", line 280, in __step
    result = coro.send(None)
  File "/home/aaron/.local/lib/python3.8/site-packages/jupyter_client/multikernelmanager.py", line 277, in _async_shutdown_kernel
    stopper = ensure_async(km.shutdown_kernel(now, restart))
  File "/home/aaron/.local/lib/python3.8/site-packages/jupyter_client/utils.py", line 26, in wrapped
    raise e
  File "/home/aaron/.local/lib/python3.8/site-packages/jupyter_client/utils.py", line 23, in wrapped
    return loop.run_until_complete(future)
  File "/home/aaron/.local/lib/python3.8/site-packages/nest_asyncio.py", line 75, in run_until_complete
    self._run_once()
  File "/home/aaron/.local/lib/python3.8/site-packages/nest_asyncio.py", line 111, in _run_once
    handle._run()
  File "/usr/lib/python3.8/asyncio/events.py", line 81, in _run
    self._context.run(self._callback, *self._args)
  File "/home/aaron/.local/lib/python3.8/site-packages/nest_asyncio.py", line 183, in step
    step_orig(task, exc)
  File "/usr/lib/python3.8/asyncio/tasks.py", line 280, in __step
    result = coro.send(None)
  File "/home/aaron/.local/lib/python3.8/site-packages/jupyter_client/multikernelmanager.py", line 277, in _async_shutdown_kernel
    stopper = ensure_async(km.shutdown_kernel(now, restart))
  File "/home/aaron/.local/lib/python3.8/site-packages/jupyter_client/utils.py", line 26, in wrapped
    raise e
  File "/home/aaron/.local/lib/python3.8/site-packages/jupyter_client/utils.py", line 23, in wrapped
    return loop.run_until_complete(future)
  File "/home/aaron/.local/lib/python3.8/site-packages/nest_asyncio.py", line 75, in run_until_complete
    self._run_once()
  File "/home/aaron/.local/lib/python3.8/site-packages/nest_asyncio.py", line 111, in _run_once
    handle._run()
  File "/usr/lib/python3.8/asyncio/events.py", line 81, in _run
    self._context.run(self._callback, *self._args)
  File "/home/aaron/.local/lib/python3.8/site-packages/nest_asyncio.py", line 183, in step
    step_orig(task, exc)
  File "/usr/lib/python3.8/asyncio/tasks.py", line 280, in __step
    result = coro.send(None)
  File "/home/aaron/.local/lib/python3.8/site-packages/jupyter_client/manager.py", line 71, in wrapper
    out = await method(self, *args, **kwargs)
  File "/home/aaron/.local/lib/python3.8/site-packages/jupyter_client/manager.py", line 479, in _async_shutdown_kernel
    await ensure_async(self.interrupt_kernel())
  File "/home/aaron/.local/lib/python3.8/site-packages/jupyter_client/utils.py", line 26, in wrapped
    raise e
  File "/home/aaron/.local/lib/python3.8/site-packages/jupyter_client/utils.py", line 23, in wrapped
    return loop.run_until_complete(future)
  File "/home/aaron/.local/lib/python3.8/site-packages/nest_asyncio.py", line 75, in run_until_complete
    self._run_once()
  File "/home/aaron/.local/lib/python3.8/site-packages/nest_asyncio.py", line 111, in _run_once
    handle._run()
  File "/usr/lib/python3.8/asyncio/events.py", line 81, in _run
    self._context.run(self._callback, *self._args)
  File "/home/aaron/.local/lib/python3.8/site-packages/nest_asyncio.py", line 183, in step
    step_orig(task, exc)
  File "/usr/lib/python3.8/asyncio/tasks.py", line 280, in __step
    result = coro.send(None)
  File "/home/aaron/.local/lib/python3.8/site-packages/jupyter_client/manager.py", line 71, in wrapper
    out = await method(self, *args, **kwargs)
  File "/home/aaron/.local/lib/python3.8/site-packages/jupyter_client/manager.py", line 479, in _async_shutdown_kernel
    await ensure_async(self.interrupt_kernel())
  File "/home/aaron/.local/lib/python3.8/site-packages/jupyter_client/utils.py", line 26, in wrapped
    raise e
  File "/home/aaron/.local/lib/python3.8/site-packages/jupyter_client/utils.py", line 23, in wrapped
    return loop.run_until_complete(future)
  File "/home/aaron/.local/lib/python3.8/site-packages/nest_asyncio.py", line 75, in run_until_complete
    self._run_once()
  File "/home/aaron/.local/lib/python3.8/site-packages/nest_asyncio.py", line 111, in _run_once
    handle._run()
  File "/usr/lib/python3.8/asyncio/events.py", line 81, in _run
    self._context.run(self._callback, *self._args)
  File "/home/aaron/.local/lib/python3.8/site-packages/nest_asyncio.py", line 183, in step
    step_orig(task, exc)
  File "/usr/lib/python3.8/asyncio/tasks.py", line 280, in __step
    result = coro.send(None)
  File "/home/aaron/.local/lib/python3.8/site-packages/jupyter_client/manager.py", line 71, in wrapper
    out = await method(self, *args, **kwargs)
  File "/home/aaron/.local/lib/python3.8/site-packages/jupyter_client/manager.py", line 488, in _async_shutdown_kernel
    await ensure_async(self.finish_shutdown(restart=restart))
  File "/home/aaron/.local/lib/python3.8/site-packages/jupyter_client/utils.py", line 26, in wrapped
    raise e
  File "/home/aaron/.local/lib/python3.8/site-packages/jupyter_client/utils.py", line 23, in wrapped
    return loop.run_until_complete(future)
  File "/home/aaron/.local/lib/python3.8/site-packages/nest_asyncio.py", line 75, in run_until_complete
    self._run_once()
  File "/home/aaron/.local/lib/python3.8/site-packages/nest_asyncio.py", line 98, in _run_once
    event_list = self._selector.select(timeout)
  File "/usr/lib/python3.8/selectors.py", line 468, in select
    fd_event_list = self._selector.poll(timeout, max_ev)
KeyboardInterrupt
[I 10:25:20.915 NotebookApp] Serving notebooks from local directory: /mnt/c/Users/Patron/Documents/GitHub/Evictions-Project
[I 10:25:20.916 NotebookApp] Jupyter Notebook 6.4.10 is running at:
[I 10:25:20.916 NotebookApp] http://LOAN-MEM-D030:2020/
[I 10:25:20.917 NotebookApp] Use Control-C to stop this server and shut down all kernels (twice to skip confirmation).
[I 10:25:21.358 NotebookApp] 302 GET / (127.0.0.1) 1.560000ms
[I 10:25:21.491 NotebookApp] 302 GET /tree? (127.0.0.1) 2.350000ms
[W 10:25:25.721 NotebookApp] 401 POST /login?next=%2Ftree%3F (127.0.0.1) 194.980000ms referer=http://127.0.0.1:2020/login?next=%2Ftree%3F
[W 10:25:31.703 NotebookApp] 401 POST /login?next=%2Ftree%3F (127.0.0.1) 213.320000ms referer=http://127.0.0.1:2020/login?next=%2Ftree%3F
[I 10:25:37.274 NotebookApp] 302 POST /login?next=%2Ftree%3F (127.0.0.1) 87.710000ms
[I 10:27:06.313 NotebookApp] Saving file at /apartments/main.py
[W 10:31:58.813 NotebookApp] Notebook apartments/apartment visualization.ipynb is not trusted
[I 10:32:06.080 NotebookApp] Kernel started: a9901d97-7373-4d3a-8622-91f62cfb64ad, name: python3
[IPKernelApp] ERROR | No such comm target registered: jupyter.widget.control
[IPKernelApp] WARNING | No such comm: a1ae6647-0b38-44f3-9267-0f0d2fb36db1
[I 10:32:27.666 NotebookApp] Starting buffering for a9901d97-7373-4d3a-8622-91f62cfb64ad:b81d6e1151b448b98bf5e8cf948341c1
[I 10:32:28.356 NotebookApp] Kernel restarted: a9901d97-7373-4d3a-8622-91f62cfb64ad
[I 10:32:28.641 NotebookApp] Restoring connection for a9901d97-7373-4d3a-8622-91f62cfb64ad:b81d6e1151b448b98bf5e8cf948341c1
[I 10:32:30.547 NotebookApp] Replaying 3 buffered messages
[I 10:34:06.435 NotebookApp] Saving file at /apartments/apartment visualization.ipynb
[I 10:36:06.841 NotebookApp] Saving file at /apartments/apartment visualization.ipynb
[I 10:36:18.310 NotebookApp] Kernel interrupted: a9901d97-7373-4d3a-8622-91f62cfb64ad
[I 10:38:07.392 NotebookApp] Saving file at /apartments/apartment visualization.ipynb
[I 10:40:07.463 NotebookApp] Saving file at /apartments/apartment visualization.ipynb
[I 10:42:07.416 NotebookApp] Saving file at /apartments/apartment visualization.ipynb
[I 10:42:57.834 NotebookApp] Saving file at /apartments/apartment visualization.ipynb
[I 10:44:07.416 NotebookApp] Saving file at /apartments/apartment visualization.ipynb
[I 10:46:08.582 NotebookApp] Saving file at /apartments/apartment visualization.ipynb
[I 10:48:09.570 NotebookApp] Saving file at /apartments/apartment visualization.ipynb
[I 10:50:10.379 NotebookApp] Saving file at /apartments/apartment visualization.ipynb
[I 10:52:10.394 NotebookApp] Saving file at /apartments/apartment visualization.ipynb
[I 10:54:10.311 NotebookApp] Saving file at /apartments/apartment visualization.ipynb
[I 10:56:10.309 NotebookApp] Saving file at /apartments/apartment visualization.ipynb
[I 10:58:11.127 NotebookApp] Saving file at /apartments/apartment visualization.ipynb
[I 11:00:11.087 NotebookApp] Saving file at /apartments/apartment visualization.ipynb
[I 11:02:11.023 NotebookApp] Saving file at /apartments/apartment visualization.ipynb
[I 11:04:11.422 NotebookApp] Saving file at /apartments/apartment visualization.ipynb
[I 11:04:57.205 NotebookApp] Saving file at /apartments/apartment visualization.ipynb
[I 11:06:11.566 NotebookApp] Saving file at /apartments/apartment visualization.ipynb
[I 11:14:14.023 NotebookApp] Saving file at /apartments/apartment visualization.ipynb
[I 12:10:45.571 NotebookApp] Starting buffering for a9901d97-7373-4d3a-8622-91f62cfb64ad:b81d6e1151b448b98bf5e8cf948341c1
[I 12:10:49.253 NotebookApp] Kernel restarted: a9901d97-7373-4d3a-8622-91f62cfb64ad
[I 12:10:49.498 NotebookApp] Restoring connection for a9901d97-7373-4d3a-8622-91f62cfb64ad:b81d6e1151b448b98bf5e8cf948341c1
[W 12:10:54.048 NotebookApp] Nudge: attempt 10 on kernel a9901d97-7373-4d3a-8622-91f62cfb64ad
[I 12:10:57.292 NotebookApp] Replaying 3 buffered messages
[I 12:11:22.890 NotebookApp] Saving file at /apartments/apartment visualization.ipynb
[I 12:13:22.916 NotebookApp] Saving file at /apartments/apartment visualization.ipynb
[I 12:14:59.661 NotebookApp] Saving file at /apartments/apartment visualization.ipynb
[I 12:21:30.111 NotebookApp] Starting buffering for a9901d97-7373-4d3a-8622-91f62cfb64ad:b81d6e1151b448b98bf5e8cf948341c1
[I 12:21:30.922 NotebookApp] Shutting down on /api/shutdown request.
[I 12:21:31.215 NotebookApp] Shutting down 1 kernel
[I 12:21:31.530 NotebookApp] Kernel shutdown: a9901d97-7373-4d3a-8622-91f62cfb64ad
[I 12:21:35.472 NotebookApp] Shutting down 0 terminals
[I 14:26:59.633 NotebookApp] Serving notebooks from local directory: /mnt/c/Users/Patron/Documents/GitHub/Evictions-Project
[I 14:26:59.634 NotebookApp] Jupyter Notebook 6.4.10 is running at:
[I 14:26:59.634 NotebookApp] http://LOAN-MEM-D030:2020/
[I 14:26:59.634 NotebookApp] Use Control-C to stop this server and shut down all kernels (twice to skip confirmation).
[I 14:27:01.968 NotebookApp] 302 GET / (127.0.0.1) 0.500000ms
[W 14:28:08.783 NotebookApp] Notebook apartments/apartment visualization.ipynb is not trusted
[I 14:28:15.126 NotebookApp] Kernel started: b607104b-c106-4dec-96ab-d54c1ecb02ee, name: python3
[IPKernelApp] ERROR | No such comm target registered: jupyter.widget.control
[IPKernelApp] WARNING | No such comm: 67fbb3b5-d1da-402b-93f4-4103fb7b2089
[I 14:38:16.525 NotebookApp] Saving file at /apartments/apartment visualization.ipynb
[W 14:38:16.531 NotebookApp] Notebook apartments/apartment visualization.ipynb is not trusted
[I 14:40:17.639 NotebookApp] Saving file at /apartments/apartment visualization.ipynb
[W 14:40:17.686 NotebookApp] Notebook apartments/apartment visualization.ipynb is not trusted
[I 14:42:17.316 NotebookApp] Saving file at /apartments/apartment visualization.ipynb
[W 14:42:17.372 NotebookApp] Notebook apartments/apartment visualization.ipynb is not trusted
[I 14:48:18.430 NotebookApp] Saving file at /apartments/apartment visualization.ipynb
[W 14:48:18.436 NotebookApp] Notebook apartments/apartment visualization.ipynb is not trusted
[I 14:52:20.643 NotebookApp] Saving file at /apartments/apartment visualization.ipynb
[W 14:52:20.648 NotebookApp] Notebook apartments/apartment visualization.ipynb is not trusted
[I 14:56:20.820 NotebookApp] Saving file at /apartments/apartment visualization.ipynb
[W 14:56:20.826 NotebookApp] Notebook apartments/apartment visualization.ipynb is not trusted
[I 14:58:20.621 NotebookApp] Saving file at /apartments/apartment visualization.ipynb
[W 14:58:20.623 NotebookApp] Notebook apartments/apartment visualization.ipynb is not trusted
[I 15:00:20.784 NotebookApp] Saving file at /apartments/apartment visualization.ipynb
[W 15:00:20.787 NotebookApp] Notebook apartments/apartment visualization.ipynb is not trusted
[I 15:02:22.412 NotebookApp] Saving file at /apartments/apartment visualization.ipynb
[W 15:02:22.415 NotebookApp] Notebook apartments/apartment visualization.ipynb is not trusted
[I 15:04:22.368 NotebookApp] Saving file at /apartments/apartment visualization.ipynb
[W 15:04:22.374 NotebookApp] Notebook apartments/apartment visualization.ipynb is not trusted
[I 15:06:22.727 NotebookApp] Saving file at /apartments/apartment visualization.ipynb
[W 15:06:22.729 NotebookApp] Notebook apartments/apartment visualization.ipynb is not trusted
[I 15:10:22.494 NotebookApp] Saving file at /apartments/apartment visualization.ipynb
[W 15:10:22.498 NotebookApp] Notebook apartments/apartment visualization.ipynb is not trusted
[I 15:16:04.125 NotebookApp] Saving file at /apartments/apartment visualization.ipynb
[W 15:16:04.130 NotebookApp] Notebook apartments/apartment visualization.ipynb is not trusted
